;  LST file generated by mikroListExporter - v.2.0 
; Date/Time: 2/15/2021 6:56:23 PM
;----------------------------------------------

;Address Opcode 	ASM
0x0000	0xF010EF00  	GOTO        8192
0x0004	0x0000      	NOP
0x0006	0x0000      	NOP
0x0008	0xF000EF00  	GOTO        0
0x000C	0x0000      	NOP
0x000E	0x0000      	NOP
0x0010	0x0000      	NOP
0x0012	0x0000      	NOP
0x0014	0x0000      	NOP
0x0016	0x0000      	NOP
0x0018	0xD7F3      	BRA         0
_main:
0x2000	0x6A15      	CLRF        _i 
0x2002	0x6A16      	CLRF        22 
0x2004	0x6A17      	CLRF        _ptr 
0x2006	0x6A18      	CLRF        24 
0x2008	0x6A19      	CLRF        25 
0x200A	0xF010EF80  	GOTO        8448
0x200E	0xD878      	RCALL       8448
L_end_main:
0x2010	0xD7FF      	BRA         $+0
; end of _main
_UART1_Write:
L_UART1_Write3:
0x2012	0xB2AC      	BTFSC       TXSTA, 1 
0x2014	0xD002      	BRA         L_UART1_Write4
0x2016	0x0000      	NOP
0x2018	0xD7FC      	BRA         L_UART1_Write3
L_UART1_Write4:
0x201A	0xFFADC02A  	MOVFF       FARG_UART1_Write_data_, TXREG
L_end_UART1_Write:
0x201E	0x0012      	RETURN      0
; end of _UART1_Write
_UART1_Init:
0x2020	0x0E12      	MOVLW       _UART1_Write
0x2022	0x6E1A      	MOVWF       _UART_Wr_Ptr 
0x2024	0x0E20      	MOVLW       hi_addr(_UART1_Write)
0x2026	0x6E1B      	MOVWF       _UART_Wr_Ptr+1 
0x2028	0x0E2A      	MOVLW       FARG_UART1_Write_data_
0x202A	0x6E1C      	MOVWF       _UART_Wr_Ptr+2 
0x202C	0x0E00      	MOVLW       hi_addr(FARG_UART1_Write_data_)
0x202E	0x6E1D      	MOVWF       _UART_Wr_Ptr+3 
0x2030	0x0EFF      	MOVLW       _UART1_Read
0x2032	0x6E22      	MOVWF       _UART_Rd_Ptr 
0x2034	0x0EFF      	MOVLW       hi_addr(_UART1_Read)
0x2036	0x6E23      	MOVWF       _UART_Rd_Ptr+1 
0x2038	0x0E00      	MOVLW       0
0x203A	0x6E24      	MOVWF       _UART_Rd_Ptr+2 
0x203C	0x0E00      	MOVLW       0
0x203E	0x6E25      	MOVWF       _UART_Rd_Ptr+3 
0x2040	0x0EFF      	MOVLW       _UART1_Data_Ready
0x2042	0x6E1E      	MOVWF       _UART_Rdy_Ptr 
0x2044	0x0EFF      	MOVLW       hi_addr(_UART1_Data_Ready)
0x2046	0x6E1F      	MOVWF       _UART_Rdy_Ptr+1 
0x2048	0x0E00      	MOVLW       0
0x204A	0x6E20      	MOVWF       _UART_Rdy_Ptr+2 
0x204C	0x0E00      	MOVLW       0
0x204E	0x6E21      	MOVWF       _UART_Rdy_Ptr+3 
0x2050	0x0EFF      	MOVLW       _UART1_Tx_Idle
0x2052	0x6E26      	MOVWF       _UART_Tx_Idle_Ptr 
0x2054	0x0EFF      	MOVLW       hi_addr(_UART1_Tx_Idle)
0x2056	0x6E27      	MOVWF       _UART_Tx_Idle_Ptr+1 
0x2058	0x0E00      	MOVLW       0
0x205A	0x6E28      	MOVWF       _UART_Tx_Idle_Ptr+2 
0x205C	0x0E00      	MOVLW       0
0x205E	0x6E29      	MOVWF       _UART_Tx_Idle_Ptr+3 
0x2060	0x8AAC      	BSF         TXSTA, 5 
0x2062	0x0E90      	MOVLW       144
0x2064	0x6EAB      	MOVWF       RCSTA 
0x2066	0x8E94      	BSF         TRISC7_bit, BitPos(TRISC7_bit+0) 
0x2068	0x9C94      	BCF         TRISC6_bit, BitPos(TRISC6_bit+0) 
L_UART1_Init0:
0x206A	0xAA9E      	BTFSS       PIR1, 5 
0x206C	0xD003      	BRA         L_UART1_Init1
0x206E	0xF000CFAE  	MOVFF       RCREG, R0
0x2072	0xD7FB      	BRA         L_UART1_Init0
L_UART1_Init1:
L_end_UART1_Init:
0x2074	0x0012      	RETURN      0
; end of _UART1_Init
___CC2DW:
_CC2DL_Loop1:
0x2076	0x0009      	TBLRD*+
0x2078	0xFFE6CFF5  	MOVFF       TABLAT, POSTINC1
0x207C	0x0600      	DECF        R0, 1, 0
0x207E	0xE1FB      	BNZ         _CC2DL_Loop1
0x2080	0x0601      	DECF        R1, 1, 0
0x2082	0xE1F9      	BNZ         _CC2DL_Loop1
L_end___CC2DW:
0x2084	0x0012      	RETURN      0
; end of ___CC2DW
_foo:
0x2100	0x0E33      	MOVLW       51
0x2102	0x6EAF      	MOVWF       SPBRG 
0x2104	0x84AC      	BSF         TXSTA, 2, 0
0x2106	0xDF8C      	RCALL       _UART1_Init
0x2108	0x6A15      	CLRF        _i 
0x210A	0x6A16      	CLRF        _i+1 
L_foo0:
0x210C	0x0E80      	MOVLW       128
0x210E	0x1816      	XORWF       _i+1, 0 
0x2110	0x6E00      	MOVWF       R0 
0x2112	0x0E80      	MOVLW       128
0x2114	0x0A10      	XORLW       16
0x2116	0x5C00      	SUBWF       R0, 0 
0x2118	0xE102      	BNZ         L__foo5
0x211A	0x0E00      	MOVLW       0
0x211C	0x5C15      	SUBWF       _i, 0 
L__foo5:
0x211E	0xE21F      	BC          L_foo1
0x2120	0xFFF6C017  	MOVFF       _ptr, TBLPTRL
0x2124	0xFFF7C018  	MOVFF       _ptr+1, TBLPTRH
0x2128	0xFFF8C019  	MOVFF       _ptr+2, TBLPTRU
0x212C	0x0009      	TBLRD*+
0x212E	0xF02ACFF5  	MOVFF       TABLAT, FARG_UART1_Write_data_
0x2132	0xDF6F      	RCALL       _UART1_Write
0x2134	0x0E01      	MOVLW       1
0x2136	0x2617      	ADDWF       _ptr, 1 
0x2138	0x0E00      	MOVLW       0
0x213A	0x2218      	ADDWFC      _ptr+1, 1 
0x213C	0x2219      	ADDWFC      _ptr+2, 1 
0x213E	0x0E02      	MOVLW       2
0x2140	0x6E0B      	MOVWF       R11, 0
0x2142	0x0E04      	MOVLW       4
0x2144	0x6E0C      	MOVWF       R12, 0
0x2146	0x0EBA      	MOVLW       186
0x2148	0x6E0D      	MOVWF       R13, 0
L_foo3:
0x214A	0x2E0D      	DECFSZ      R13, 1, 0
0x214C	0xD7FE      	BRA         L_foo3
0x214E	0x2E0C      	DECFSZ      R12, 1, 0
0x2150	0xD7FC      	BRA         L_foo3
0x2152	0x2E0B      	DECFSZ      R11, 1, 0
0x2154	0xD7FA      	BRA         L_foo3
0x2156	0x0000      	NOP
0x2158	0x4A15      	INFSNZ      _i, 1 
0x215A	0x2A16      	INCF        _i+1, 1 
0x215C	0xD7D7      	BRA         L_foo0
L_foo1:
L_end_foo:
0x215E	0x0012      	RETURN      0
; end of _foo
Symbol List:
//** Routines locations **
//ADDRESS    SIZE    PROCEDURE
//----------------------------------------------
0x2000      [18]    _main
0x2012      [14]    _UART1_Write
0x2020      [86]    _UART1_Init
0x2076      [16]    ___CC2DW
0x2100      [96]    _foo
//** Variables locations ** 
//ADDRESS    SIZE    VARIABLE
//----------------------------------------------
0x0000       [1]    UART1_Init_tmp_L0
0x0000       [1]    R0
0x0001       [1]    R1
0x0001       [1]    UART1_Read___tmp_UART1_Read_L0
0x0002       [1]    R2
0x0003       [1]    R3
0x0004       [1]    R4
0x0005       [1]    R5
0x0006       [1]    R6
0x0007       [1]    R7
0x0008       [1]    R8
0x0009       [1]    R9
0x000A       [1]    R10
0x000B       [1]    R11
0x000C       [1]    R12
0x000D       [1]    R13
0x000E       [1]    R14
0x000F       [1]    R15
0x0010       [1]    R16
0x0011       [1]    R17
0x0012       [1]    R18
0x0013       [1]    R19
0x0014       [1]    R20
0x0015       [2]    _i
0x0017       [3]    _ptr
0x001A       [4]    _UART_Wr_Ptr
0x001E       [4]    _UART_Rdy_Ptr
0x0022       [4]    _UART_Rd_Ptr
0x0026       [4]    _UART_Tx_Idle_Ptr
0x002A       [1]    FARG_UART1_Write_data_
0x0F94       [0]    TRISC6_bit
0x0F94       [0]    TRISC7_bit
0x0F9E       [1]    PIR1
0x0FAB       [1]    RCSTA
0x0FAC       [1]    TXSTA
0x0FAD       [1]    TXREG
0x0FAE       [1]    RCREG
0x0FAF       [1]    SPBRG
0x0FD8       [1]    STATUS
0x0FD9       [1]    FSR2L
0x0FDA       [1]    FSR2H
0x0FDE       [1]    POSTINC2
0x0FE0       [1]    BSR
0x0FE1       [1]    FSR1L
0x0FE2       [1]    FSR1H
0x0FE4       [1]    PREINC1
0x0FE6       [1]    POSTINC1
0x0FE7       [1]    INDF1
0x0FE8       [1]    WREG
0x0FE9       [1]    FSR0L
0x0FEA       [1]    FSR0H
0x0FEE       [1]    POSTINC0
0x0FF3       [1]    PRODL
0x0FF4       [1]    PRODH
0x0FF5       [1]    TABLAT
0x0FF6       [1]    TBLPTRL
0x0FF7       [1]    TBLPTRH
0x0FF8       [1]    TBLPTRU
